c:\users\masro\videos\workin source codes\xforce source code\build\intermediate\debug\x-force.pch
c:\users\masro\videos\workin source codes\xforce source code\build\intermediate\debug\vc140.pdb
c:\users\masro\videos\workin source codes\xforce source code\build\intermediate\debug\vc140.idb
c:\users\masro\videos\workin source codes\xforce source code\build\intermediate\debug\stdafx.obj
c:\users\masro\videos\workin source codes\xforce source code\build\intermediate\debug\raycast.obj
c:\users\masro\videos\workin source codes\xforce source code\build\intermediate\debug\scriptthread.obj
c:\users\masro\videos\workin source codes\xforce source code\build\intermediate\debug\translation.obj
c:\users\masro\videos\workin source codes\xforce source code\build\intermediate\debug\x_script.obj
c:\users\masro\videos\workin source codes\xforce source code\build\intermediate\debug\crossmapping.obj
c:\users\masro\videos\workin source codes\xforce source code\build\intermediate\debug\features.obj
c:\users\masro\videos\workin source codes\xforce source code\build\intermediate\debug\fixed_natives.obj
c:\users\masro\videos\workin source codes\xforce source code\build\intermediate\debug\functions.obj
c:\users\masro\videos\workin source codes\xforce source code\build\intermediate\debug\ini.obj
c:\users\masro\videos\workin source codes\xforce source code\build\intermediate\debug\inputhook.obj
c:\users\masro\videos\workin source codes\xforce source code\build\intermediate\debug\siggi.obj
c:\users\masro\videos\workin source codes\xforce source code\build\intermediate\debug\keyboard.obj
c:\users\masro\videos\workin source codes\xforce source code\build\intermediate\debug\log.obj
c:\users\masro\videos\workin source codes\xforce source code\build\intermediate\debug\memory.obj
c:\users\masro\videos\workin source codes\xforce source code\build\intermediate\debug\gui.obj
c:\users\masro\videos\workin source codes\xforce source code\build\intermediate\debug\nativeinvoker.obj
c:\users\masro\videos\workin source codes\xforce source code\build\intermediate\debug\menu.obj
c:\users\masro\videos\workin source codes\xforce source code\build\intermediate\debug\unload.obj
c:\users\masro\videos\workin source codes\xforce source code\build\intermediate\debug\vehicles.obj
c:\users\masro\videos\workin source codes\xforce source code\build\intermediate\debug\x-force.tlog\cl.command.1.tlog
c:\users\masro\videos\workin source codes\xforce source code\build\intermediate\debug\x-force.tlog\cl.read.1.tlog
c:\users\masro\videos\workin source codes\xforce source code\build\intermediate\debug\x-force.tlog\cl.write.1.tlog
